0 info it worked if it ends with ok
1 verbose cli [ '/usr/local/bin/node',
1 verbose cli   '/usr/local/bin/npm',
1 verbose cli   'install',
1 verbose cli   'angular.js' ]
2 info using npm@2.14.3
3 info using node@v5.4.1
4 verbose install initial load of /Users/Madison/Desktop/practicing/mvpRound2/package.json
5 warn package.json dicaprioClock@ No repository field.
6 warn package.json dicaprioClock@ No license field.
7 verbose installManyTop reading scoped package data from /Users/Madison/Desktop/practicing/mvpRound2/node_modules/angular/package.json
8 verbose installManyTop reading scoped package data from /Users/Madison/Desktop/practicing/mvpRound2/node_modules/ejs/package.json
9 verbose installManyTop reading scoped package data from /Users/Madison/Desktop/practicing/mvpRound2/node_modules/express/package.json
10 info package.json ejs@1.0.0 No license field.
11 verbose readDependencies loading dependencies from /Users/Madison/Desktop/practicing/mvpRound2/package.json
12 silly cache add args [ 'angular.js', null ]
13 verbose cache add spec angular.js
14 silly cache add parsed spec Result {
14 silly cache add   raw: 'angular.js',
14 silly cache add   scope: null,
14 silly cache add   name: 'angular.js',
14 silly cache add   rawSpec: '',
14 silly cache add   spec: '*',
14 silly cache add   type: 'range' }
15 silly addNamed angular.js@*
16 verbose addNamed "*" is a valid semver range for angular.js
17 silly addNameRange { name: 'angular.js', range: '*', hasData: false }
18 silly mapToRegistry name angular.js
19 silly mapToRegistry using default registry
20 silly mapToRegistry registry https://registry.npmjs.org/
21 silly mapToRegistry uri https://registry.npmjs.org/angular.js
22 verbose addNameRange registry:https://registry.npmjs.org/angular.js not in flight; fetching
23 verbose request uri https://registry.npmjs.org/angular.js
24 verbose request no auth needed
25 info attempt registry request try #1 at 12:32:37 PM
26 verbose request id 322b8738be797024
27 http request GET https://registry.npmjs.org/angular.js
28 http 404 https://registry.npmjs.org/angular.js
29 verbose headers { 'content-type': 'application/json',
29 verbose headers   'cache-control': 'max-age=0',
29 verbose headers   'content-length': '2',
29 verbose headers   'accept-ranges': 'bytes',
29 verbose headers   date: 'Mon, 08 Feb 2016 20:32:38 GMT',
29 verbose headers   via: '1.1 varnish',
29 verbose headers   age: '0',
29 verbose headers   connection: 'keep-alive',
29 verbose headers   'x-served-by': 'cache-lax1435-LAX',
29 verbose headers   'x-cache': 'MISS',
29 verbose headers   'x-cache-hits': '0',
29 verbose headers   'x-timer': 'S1454963558.226437,VS0,VE50' }
30 silly get cb [ 404,
30 silly get   { 'content-type': 'application/json',
30 silly get     'cache-control': 'max-age=0',
30 silly get     'content-length': '2',
30 silly get     'accept-ranges': 'bytes',
30 silly get     date: 'Mon, 08 Feb 2016 20:32:38 GMT',
30 silly get     via: '1.1 varnish',
30 silly get     age: '0',
30 silly get     connection: 'keep-alive',
30 silly get     'x-served-by': 'cache-lax1435-LAX',
30 silly get     'x-cache': 'MISS',
30 silly get     'x-cache-hits': '0',
30 silly get     'x-timer': 'S1454963558.226437,VS0,VE50' } ]
31 verbose stack Error: Registry returned 404 for GET on https://registry.npmjs.org/angular.js
31 verbose stack     at makeError (/usr/local/lib/node_modules/npm/node_modules/npm-registry-client/lib/request.js:263:12)
31 verbose stack     at CachingRegistryClient.<anonymous> (/usr/local/lib/node_modules/npm/node_modules/npm-registry-client/lib/request.js:241:14)
31 verbose stack     at Request._callback (/usr/local/lib/node_modules/npm/node_modules/npm-registry-client/lib/request.js:171:14)
31 verbose stack     at Request.self.callback (/usr/local/lib/node_modules/npm/node_modules/request/request.js:198:22)
31 verbose stack     at emitTwo (events.js:87:13)
31 verbose stack     at Request.emit (events.js:172:7)
31 verbose stack     at Request.<anonymous> (/usr/local/lib/node_modules/npm/node_modules/request/request.js:1073:14)
31 verbose stack     at emitOne (events.js:82:20)
31 verbose stack     at Request.emit (events.js:169:7)
31 verbose stack     at IncomingMessage.<anonymous> (/usr/local/lib/node_modules/npm/node_modules/request/request.js:1019:12)
32 verbose statusCode 404
33 verbose pkgid angular.js
34 verbose cwd /Users/Madison/Desktop/practicing/mvpRound2
35 error Darwin 13.4.0
36 error argv "/usr/local/bin/node" "/usr/local/bin/npm" "install" "angular.js"
37 error node v5.4.1
38 error npm  v2.14.3
39 error code E404
40 error 404 Registry returned 404 for GET on https://registry.npmjs.org/angular.js
40 error 404
40 error 404 'angular.js' is not in the npm registry.
40 error 404 You should bug the author to publish it (or use the name yourself!)
40 error 404 It was specified as a dependency of 'dicaprioClock'
40 error 404
40 error 404 Note that you can also install from a
40 error 404 tarball, folder, http url, or git url.
41 verbose exit [ 1, true ]
